# JRE version: Java(TM) SE Runtime Environment (8.0_181-b13) (build 1.8.0_181-b13)
# Java VM: Java HotSpot(TM) 64-Bit Server VM (25.181-b13 mixed mode windows-amd64 compressed oops)
Heap:
 PSYoungGen      total 72192K, used 34742K [0x00000000eab00000, 0x00000000f3800000, 0x0000000100000000)
  eden space 64512K, 46% used [0x00000000eab00000,0x00000000ec82b3a8,0x00000000eea00000)
  from space 7680K, 63% used [0x00000000eea00000,0x00000000eeec2508,0x00000000ef180000)
  to   space 7680K, 0% used [0x00000000f3080000,0x00000000f3080000,0x00000000f3800000)
 ParOldGen       total 44032K, used 7698K [0x00000000c0000000, 0x00000000c2b00000, 0x00000000eab00000)
  object space 44032K, 17% used [0x00000000c0000000,0x00000000c0784820,0x00000000c2b00000)
 Metaspace       used 19926K, capacity 20902K, committed 20992K, reserved 1067008K
  class space    used 2544K, capacity 2799K, committed 2816K, reserved 1048576K
GC Heap History (10 events):
Event: 11.809 GC heap before
{Heap before GC invocations=3 (full 0):
 PSYoungGen      total 18944K, used 18921K [0x00000000eab00000, 0x00000000ec000000, 0x0000000100000000)
  eden space 16384K, 100% used [0x00000000eab00000,0x00000000ebb00000,0x00000000ebb00000)
  from space 2560K, 99% used [0x00000000ebd80000,0x00000000ebffa5c0,0x00000000ec000000)
  to   space 2560K, 0% used [0x00000000ebb00000,0x00000000ebb00000,0x00000000ebd80000)
 ParOldGen       total 44032K, used 261K [0x00000000c0000000, 0x00000000c2b00000, 0x00000000eab00000)
  object space 44032K, 0% used [0x00000000c0000000,0x00000000c0041470,0x00000000c2b00000)
 Metaspace       used 8169K, capacity 8214K, committed 8320K, reserved 1056768K
  class space    used 1062K, capacity 1073K, committed 1152K, reserved 1048576K
Event: 11.853 GC heap after
Heap after GC invocations=3 (full 0):
 PSYoungGen      total 18944K, used 2544K [0x00000000eab00000, 0x00000000ed000000, 0x0000000100000000)
  eden space 16384K, 0% used [0x00000000eab00000,0x00000000eab00000,0x00000000ebb00000)
  from space 2560K, 99% used [0x00000000ebb00000,0x00000000ebd7c088,0x00000000ebd80000)
  to   space 2560K, 0% used [0x00000000ecd80000,0x00000000ecd80000,0x00000000ed000000)
 ParOldGen       total 44032K, used 2055K [0x00000000c0000000, 0x00000000c2b00000, 0x00000000eab00000)
  object space 44032K, 4% used [0x00000000c0000000,0x00000000c0201dc8,0x00000000c2b00000)
 Metaspace       used 8169K, capacity 8214K, committed 8320K, reserved 1056768K
  class space    used 1062K, capacity 1073K, committed 1152K, reserved 1048576K
}
Event: 12.709 GC heap before
{Heap before GC invocations=4 (full 0):
 PSYoungGen      total 18944K, used 18928K [0x00000000eab00000, 0x00000000ed000000, 0x0000000100000000)
  eden space 16384K, 100% used [0x00000000eab00000,0x00000000ebb00000,0x00000000ebb00000)
  from space 2560K, 99% used [0x00000000ebb00000,0x00000000ebd7c088,0x00000000ebd80000)
  to   space 2560K, 0% used [0x00000000ecd80000,0x00000000ecd80000,0x00000000ed000000)
 ParOldGen       total 44032K, used 2055K [0x00000000c0000000, 0x00000000c2b00000, 0x00000000eab00000)
  object space 44032K, 4% used [0x00000000c0000000,0x00000000c0201dc8,0x00000000c2b00000)
 Metaspace       used 8648K, capacity 8744K, committed 8832K, reserved 1056768K
  class space    used 1107K, capacity 1140K, committed 1152K, reserved 1048576K
Event: 12.810 GC heap after
Heap after GC invocations=4 (full 0):
 PSYoungGen      total 35328K, used 2528K [0x00000000eab00000, 0x00000000ed000000, 0x0000000100000000)
  eden space 32768K, 0% used [0x00000000eab00000,0x00000000eab00000,0x00000000ecb00000)
  from space 2560K, 98% used [0x00000000ecd80000,0x00000000ecff8098,0x00000000ed000000)
  to   space 2560K, 0% used [0x00000000ecb00000,0x00000000ecb00000,0x00000000ecd80000)
 ParOldGen       total 44032K, used 2854K [0x00000000c0000000, 0x00000000c2b00000, 0x00000000eab00000)
  object space 44032K, 6% used [0x00000000c0000000,0x00000000c02c9880,0x00000000c2b00000)
 Metaspace       used 8648K, capacity 8744K, committed 8832K, reserved 1056768K
  class space    used 1107K, capacity 1140K, committed 1152K, reserved 1048576K
}
Event: 29.543 GC heap before
{Heap before GC invocations=5 (full 0):
 PSYoungGen      total 35328K, used 35296K [0x00000000eab00000, 0x00000000ed000000, 0x0000000100000000)
  eden space 32768K, 100% used [0x00000000eab00000,0x00000000ecb00000,0x00000000ecb00000)
  from space 2560K, 98% used [0x00000000ecd80000,0x00000000ecff8098,0x00000000ed000000)
  to   space 2560K, 0% used [0x00000000ecb00000,0x00000000ecb00000,0x00000000ecd80000)
 ParOldGen       total 44032K, used 2854K [0x00000000c0000000, 0x00000000c2b00000, 0x00000000eab00000)
  object space 44032K, 6% used [0x00000000c0000000,0x00000000c02c9880,0x00000000c2b00000)
 Metaspace       used 14695K, capacity 15076K, committed 15360K, reserved 1062912K
  class space    used 1881K, capacity 2002K, committed 2048K, reserved 1048576K
Event: 29.667 GC heap after
Heap after GC invocations=5 (full 0):
 PSYoungGen      total 35328K, used 2544K [0x00000000eab00000, 0x00000000ef800000, 0x0000000100000000)
  eden space 32768K, 0% used [0x00000000eab00000,0x00000000eab00000,0x00000000ecb00000)
  from space 2560K, 99% used [0x00000000ecb00000,0x00000000ecd7c098,0x00000000ecd80000)
  to   space 6656K, 0% used [0x00000000ef180000,0x00000000ef180000,0x00000000ef800000)
 ParOldGen       total 44032K, used 6669K [0x00000000c0000000, 0x00000000c2b00000, 0x00000000eab00000)
  object space 44032K, 15% used [0x00000000c0000000,0x00000000c06836d8,0x00000000c2b00000)
 Metaspace       used 14695K, capacity 15076K, committed 15360K, reserved 1062912K
  class space    used 1881K, capacity 2002K, committed 2048K, reserved 1048576K
}
Event: 67.623 GC heap before
{Heap before GC invocations=6 (full 0):
 PSYoungGen      total 35328K, used 35312K [0x00000000eab00000, 0x00000000ef800000, 0x0000000100000000)
  eden space 32768K, 100% used [0x00000000eab00000,0x00000000ecb00000,0x00000000ecb00000)
  from space 2560K, 99% used [0x00000000ecb00000,0x00000000ecd7c098,0x00000000ecd80000)
  to   space 6656K, 0% used [0x00000000ef180000,0x00000000ef180000,0x00000000ef800000)
 ParOldGen       total 44032K, used 6669K [0x00000000c0000000, 0x00000000c2b00000, 0x00000000eab00000)
  object space 44032K, 15% used [0x00000000c0000000,0x00000000c06836d8,0x00000000c2b00000)
 Metaspace       used 18934K, capacity 19846K, committed 20224K, reserved 1067008K
  class space    used 2483K, capacity 2691K, committed 2816K, reserved 1048576K
Event: 67.657 GC heap after
Heap after GC invocations=6 (full 0):
 PSYoungGen      total 71168K, used 6585K [0x00000000eab00000, 0x00000000efa00000, 0x0000000100000000)
  eden space 64512K, 0% used [0x00000000eab00000,0x00000000eab00000,0x00000000eea00000)
  from space 6656K, 98% used [0x00000000ef180000,0x00000000ef7ee620,0x00000000ef800000)
  to   space 7680K, 0% used [0x00000000eea00000,0x00000000eea00000,0x00000000ef180000)
 ParOldGen       total 44032K, used 6677K [0x00000000c0000000, 0x00000000c2b00000, 0x00000000eab00000)
  object space 44032K, 15% used [0x00000000c0000000,0x00000000c06856d8,0x00000000c2b00000)
 Metaspace       used 18934K, capacity 19846K, committed 20224K, reserved 1067008K
  class space    used 2483K, capacity 2691K, committed 2816K, reserved 1048576K
}
Event: 324.166 GC heap before
{Heap before GC invocations=7 (full 0):
 PSYoungGen      total 71168K, used 71097K [0x00000000eab00000, 0x00000000efa00000, 0x0000000100000000)
  eden space 64512K, 100% used [0x00000000eab00000,0x00000000eea00000,0x00000000eea00000)
  from space 6656K, 98% used [0x00000000ef180000,0x00000000ef7ee620,0x00000000ef800000)
  to   space 7680K, 0% used [0x00000000eea00000,0x00000000eea00000,0x00000000ef180000)
 ParOldGen       total 44032K, used 6677K [0x00000000c0000000, 0x00000000c2b00000, 0x00000000eab00000)
  object space 44032K, 15% used [0x00000000c0000000,0x00000000c06856d8,0x00000000c2b00000)
 Metaspace       used 19731K, capacity 20706K, committed 20736K, reserved 1067008K
  class space    used 2538K, capacity 2789K, committed 2816K, reserved 1048576K
Event: 324.292 GC heap after
Heap after GC invocations=7 (full 0):
 PSYoungGen      total 72192K, used 4873K [0x00000000eab00000, 0x00000000f3800000, 0x0000000100000000)
  eden space 64512K, 0% used [0x00000000eab00000,0x00000000eab00000,0x00000000eea00000)
  from space 7680K, 63% used [0x00000000eea00000,0x00000000eeec2508,0x00000000ef180000)
  to   space 7680K, 0% used [0x00000000f3080000,0x00000000f3080000,0x00000000f3800000)
 ParOldGen       total 44032K, used 7698K [0x00000000c0000000, 0x00000000c2b00000, 0x00000000eab00000)
  object space 44032K, 17% used [0x00000000c0000000,0x00000000c0784820,0x00000000c2b00000)
 Metaspace       used 19731K, capacity 20706K, committed 20736K, reserved 1067008K
  class space    used 2538K, capacity 2789K, committed 2816K, reserved 1048576K
}

